2026-03-04 23:44:26.320 +00:00 [INF] Starting SportsStore application - Adeniyi Emmanuel
2026-03-04 23:44:26.748 +00:00 [FTL] Application failed to start - Adeniyi Emmanuel
Microsoft.Extensions.Hosting.HostAbortedException: The host was aborted.
   at Microsoft.Extensions.Hosting.HostFactoryResolver.HostingListener.ThrowHostAborted()
   at Microsoft.Extensions.Hosting.HostFactoryResolver.HostingListener.OnNext(KeyValuePair`2 value)
   at System.Diagnostics.DiagnosticListener.Write(String name, Object value)
   at Microsoft.Extensions.Hosting.HostBuilder.ResolveHost(IServiceProvider serviceProvider, DiagnosticListener diagnosticListener)
   at Microsoft.Extensions.Hosting.HostApplicationBuilder.Build()
   at Microsoft.AspNetCore.Builder.WebApplicationBuilder.Build()
   at Program.<Main>$(String[] args) in /Users/admin/Downloads/fullstack year 3/fs-lab-assignment-sportstore-202602-master/11 - SportsStore - 5/Beginning of Chapter/SportsSln/SportsStore/Program.cs:line 35
2026-03-04 23:47:38.616 +00:00 [INF] Starting SportsStore application - Adeniyi Emmanuel
2026-03-04 23:47:39.237 +00:00 [FTL] Application failed to start - Adeniyi Emmanuel
Microsoft.Extensions.Hosting.HostAbortedException: The host was aborted.
   at Microsoft.Extensions.Hosting.HostFactoryResolver.HostingListener.ThrowHostAborted()
   at Microsoft.Extensions.Hosting.HostFactoryResolver.HostingListener.OnNext(KeyValuePair`2 value)
   at System.Diagnostics.DiagnosticListener.Write(String name, Object value)
   at Microsoft.Extensions.Hosting.HostBuilder.ResolveHost(IServiceProvider serviceProvider, DiagnosticListener diagnosticListener)
   at Microsoft.Extensions.Hosting.HostApplicationBuilder.Build()
   at Microsoft.AspNetCore.Builder.WebApplicationBuilder.Build()
   at Program.<Main>$(String[] args) in /Users/admin/Downloads/fullstack year 3/fs-lab-assignment-sportstore-202602-master/11 - SportsStore - 5/Beginning of Chapter/SportsSln/SportsStore/Program.cs:line 35
